Build started 02/10/2017 16:14:30.
     1>Project "C:\Users\Matheus\Documents\GitHub\Grupo2Modular\Principal\Principal\Principal.vcxproj" on node 2 (build target(s)).
     1>InitializeBuildStatus:
         Touching "Release\Principal.unsuccessfulbuild".
       ClCompile:
         C:\Program Files (x86)\Microsoft Visual Studio 10.0\VC\bin\CL.exe /c /Zi /nologo /W3 /WX- /O2 /Oi /Oy- /GL /D WIN32 /D NDEBUG /D _WINDOWS /D _UNICODE /D UNICODE /Gm- /EHsc /MD /GS /Gy /fp:precise /Zc:wchar_t /Zc:forScope /Fo"Release\\" /Fd"Release\vc100.pdb" /Gd /TC /analyze- /errorReport:prompt main.c
         main.c
       Link:
         C:\Program Files (x86)\Microsoft Visual Studio 10.0\VC\bin\link.exe /ERRORREPORT:PROMPT /OUT:"C:\Users\Matheus\Documents\GitHub\Grupo2Modular\Principal\Release\Principal.exe" /INCREMENTAL:NO /NOLOGO kernel32.lib user32.lib gdi32.lib winspool.lib comdlg32.lib advapi32.lib shell32.lib ole32.lib oleaut32.lib uuid.lib odbc32.lib odbccp32.lib /MANIFEST /ManifestFile:"Release\Principal.exe.intermediate.manifest" /MANIFESTUAC:"level='asInvoker' uiAccess='false'" /DEBUG /PDB:"C:\Users\Matheus\Documents\GitHub\Grupo2Modular\Principal\Release\Principal.pdb" /SUBSYSTEM:WINDOWS /OPT:REF /OPT:ICF /LTCG /TLBID:1 /DYNAMICBASE /NXCOMPAT /IMPLIB:"C:\Users\Matheus\Documents\GitHub\Grupo2Modular\Principal\Release\Principal.lib" /MACHINE:X86 Release\Aluno.obj
         Release\disciplina.obj
         Release\listas.obj
         Release\main.obj
         Release\principal.obj
         Release\professor.obj
         Release\sala.obj
         Release\turma.obj
     1>principal.obj : error LNK2005: _main already defined in main.obj
     1>principal.obj : error LNK2001: unresolved external symbol _MenuInicial
     1>MSVCRT.lib(crtexew.obj) : error LNK2001: unresolved external symbol _WinMain@16
     1>C:\Users\Matheus\Documents\GitHub\Grupo2Modular\Principal\Release\Principal.exe : fatal error LNK1120: 2 unresolved externals
     1>Done Building Project "C:\Users\Matheus\Documents\GitHub\Grupo2Modular\Principal\Principal\Principal.vcxproj" (build target(s)) -- FAILED.

Build FAILED.

Time Elapsed 00:00:00.40
